-------------------------------------------------------------------------------
Test set: TestSuite
-------------------------------------------------------------------------------
Tests run: 7, Failures: 6, Errors: 0, Skipped: 1, Time elapsed: 0.909 s <<< FAILURE! - in TestSuite
verifyTitle(test.LoginTests)  Time elapsed: 0.031 s  <<< FAILURE!
java.lang.IllegalStateException: The driver executable does not exist: C:\Users\hamanquiton\Desktop\Tools\drivers\chromedriver.exe
	at test.LoginTests.verifyTitle(LoginTests.java:26)

verifyLogin(test.LoginTests)  Time elapsed: 0.002 s  <<< FAILURE!
java.lang.IllegalStateException: The driver executable does not exist: C:\Users\hamanquiton\Desktop\Tools\drivers\chromedriver.exe
	at test.LoginTests.verifyLogin(LoginTests.java:45)

dataDrivenLogin(test.LoginTests)  Time elapsed: 0.001 s  <<< FAILURE!
java.lang.IllegalStateException: The driver executable does not exist: C:\Users\hamanquiton\Desktop\Tools\drivers\chromedriver.exe
	at test.LoginTests.dataDrivenLogin(LoginTests.java:96)

dataDrivenLogin(test.LoginTests)  Time elapsed: 0.001 s  <<< FAILURE!
java.lang.IllegalStateException: The driver executable does not exist: C:\Users\hamanquiton\Desktop\Tools\drivers\chromedriver.exe
	at test.LoginTests.dataDrivenLogin(LoginTests.java:96)

dataDrivenLogin(test.LoginTests)  Time elapsed: 0.001 s  <<< FAILURE!
java.lang.IllegalStateException: The driver executable does not exist: C:\Users\hamanquiton\Desktop\Tools\drivers\chromedriver.exe
	at test.LoginTests.dataDrivenLogin(LoginTests.java:96)

globalSearchNoInput(test.Functions)  Time elapsed: 0.001 s  <<< FAILURE!
java.lang.IllegalStateException: The driver executable does not exist: C:\Users\hamanquiton\Desktop\Tools\drivers\chromedriver.exe
	at test.Functions.globalSearchNoInput(Functions.java:33)

