-------------------------------------------------------------------------------
Test set: TestSuite
-------------------------------------------------------------------------------
Tests run: 1, Failures: 1, Errors: 0, Skipped: 0, Time elapsed: 34.291 s <<< FAILURE! - in TestSuite
verifyTitle(test.LoginTests)  Time elapsed: 33.592 s  <<< FAILURE!
org.junit.ComparisonFailure: expected:<[52.202.44.59]> but was:<[SSO - Login]>
	at test.LoginTests.verifyTitle(LoginTests.java:31)

